<?xml version="1.0" encoding="UTF-8"?>
<testsuite name="com.agileengine.XmlParserApplicationTest" tests="1" skipped="0" failures="0" errors="0" timestamp="2018-12-02T15:58:51" hostname="Victor-K" time="0.451">
  <properties/>
  <testcase name="testMain" classname="com.agileengine.XmlParserApplicationTest" time="0.451"/>
  <system-out><![CDATA[[INFO] 2018-12-02 17:58:51,835 c.a.XmlParserApplication - Command line args [.\build\resources\test\sample-0-origin.html, .\build\resources\test\sample-1-evil-gemini.html]
[INFO] 2018-12-02 17:58:51,837 c.a.XmlParserApplication - Element id command line argument is not specified, using a default value make-everything-ok-button
Target element path #root[0] > html[0] > body[1] > div[0] > div[1] > div[2] > div[0] > div[0] > div[1] > a[1]
Overall similarity is 62.18 percent
Attributes similarity {onclick=1.0, rel=0.5, href=0.23076923076923078, title=1.0, class=1.0} 
]]></system-out>
  <system-err><![CDATA[]]></system-err>
</testsuite>
