<?xml version="1.0" encoding="UTF-8"?>
<testsuite name="com.agileengine.LongestCommonSubstringAlgorithmTest" tests="1" skipped="0" failures="0" errors="0" timestamp="2018-12-02T15:58:51" hostname="Victor-K" time="0.005">
  <properties/>
  <testcase name="testLcs" classname="com.agileengine.LongestCommonSubstringAlgorithmTest" time="0.005"/>
  <system-out><![CDATA[]]></system-out>
  <system-err><![CDATA[]]></system-err>
</testsuite>
