<?xml version="1.0" encoding="UTF-8"?>
<testsuite name="com.agileengine.XmlParserTest" tests="6" skipped="0" failures="0" errors="0" timestamp="2018-12-02T15:58:52" hostname="Victor-K" time="0.268">
  <properties/>
  <testcase name="test5customId" classname="com.agileengine.XmlParserTest" time="0.072"/>
  <testcase name="test1" classname="com.agileengine.XmlParserTest" time="0.051"/>
  <testcase name="test2" classname="com.agileengine.XmlParserTest" time="0.039"/>
  <testcase name="test3" classname="com.agileengine.XmlParserTest" time="0.038"/>
  <testcase name="test4" classname="com.agileengine.XmlParserTest" time="0.031"/>
  <testcase name="test6noIdFound" classname="com.agileengine.XmlParserTest" time="0.035"/>
  <system-out><![CDATA[]]></system-out>
  <system-err><![CDATA[]]></system-err>
</testsuite>
